<?xml version="1.0" encoding="UTF-8"?>
<testsuite name="co.ceiba.test.NotifyPersonServiceTest" tests="1" skipped="0" failures="0" errors="0" timestamp="2017-11-10T19:27:40" hostname="SERGIO-DIAZ" time="0.003">
  <properties/>
  <testcase name="notifyTest" classname="co.ceiba.test.NotifyPersonServiceTest" time="0.003"/>
  <system-out><![CDATA[]]></system-out>
  <system-err><![CDATA[]]></system-err>
</testsuite>
